c[?7l[2J[0mSeaBIOS (version 1.13.0-1ubuntu1.1)


iPXE (http://ipxe.org) 00:03.0 CA00 PCI2.10 PnP PMM+07F8CA10+07ECCA10 CA00
Press Ctrl-B to configure iPXE (PCI 00:03.0)...                                                                               


Booting from Hard Disk..(THU.CST) os is loading ...

Special kernel symbols:
  entry  0xc0100036 (phys)
  etext  0xc0107806 (phys)
  edata  0xc0120000 (phys)
  end    0xc0321084 (phys)
Kernel executable memory footprint: 2181KB
ebp:0xc011cf38 eip:0xc0100af4 args:0x00010094 0x00010094 0xc011cf68 0xc01000cc 
    kern/debug/kdebug.c:311: print_stackframe+25
ebp:0xc011cf48 eip:0xc0100df6 args:0x00000000 0x00000000 0x00000000 0xc011cfb8 
    kern/debug/kmonitor.c:129: mon_backtrace+14
ebp:0xc011cf68 eip:0xc01000cc args:0x00000000 0xc011cf90 0xffff0000 0xc011cf94 
    kern/init/init.c:49: grade_backtrace2+37
ebp:0xc011cf88 eip:0xc01000fa args:0x00000000 0xffff0000 0xc011cfb4 0x0000002b 
    kern/init/init.c:54: grade_backtrace1+42
ebp:0xc011cfa8 eip:0xc010011d args:0x00000000 0xc0100036 0xffff0000 0x0000001d 
    kern/init/init.c:59: grade_backtrace0+27
ebp:0xc011cfc8 eip:0xc0100147 args:0xc010783c 0xc0107820 0x00201084 0x00000000 
    kern/init/init.c:64: grade_backtrace+38
ebp:0xc011cff8 eip:0xc010008b args:0xc0107a1c 0xc0107a24 0xc0100d72 0xc0107a43 
    kern/init/init.c:29: kern_init+84
memory management: default_pmm_manager
e820map:
  memory: 0009fc00, [00000000, 0009fbff], type = 1.
  memory: 00000400, [0009fc00, 0009ffff], type = 2.
  memory: 00010000, [000f0000, 000fffff], type = 2.
  memory: 07ee0000, [00100000, 07fdffff], type = 1.
  memory: 00020000, [07fe0000, 07ffffff], type = 2.
  memory: 00040000, [fffc0000, ffffffff], type = 2.
check_alloc_page() succeeded!
check_pgdir() succeeded!
check_boot_pgdir() succeeded!
-------------------- BEGIN --------------------
PDE(0e0) c0000000-f8000000 38000000 urw
  |-- PTE(38000) c0000000-f8000000 38000000 -rw
PDE(001) fac00000-fb000000 00400000 -rw
  |-- PTE(000e0) faf00000-fafe0000 000e0000 urw
  |-- PTE(00001) fafeb000-fafec000 00001000 -rw
--------------------- END ---------------------
++ setup timer interrupts
100 ticks
End of Test.
kernel panic at kern/trap/trap.c:18:
    EOT: kernel seems ok.
stack trackback:
ebp:0xc011ced0 eip:0xc0100af4 args:0xc01078e8 0xc011cf14 0x00000012 0x00010094 
    kern/debug/kdebug.c:311: print_stackframe+25
ebp:0xc011cf00 eip:0xc010049d args:0xc0107bae 0x00000012 0xc0107b98 0xc0327c94 
    kern/debug/panic.c:27: __panic+107
ebp:0xc011cf20 eip:0xc01019db args:0xc011cf88 0xc010473e 0x00010094 0x00010094 
    kern/trap/trap.c:0: print_ticks+69
ebp:0xc011cf60 eip:0xc0101eb6 args:0xc011cf8c 0xc01002e7 0xc0107b32 0xc011cfa4 
    kern/trap/trap.c:169: trap_dispatch+166
ebp:0xc011cf80 eip:0xc01022a6 args:0xc011cf8c 0x0000807c 0x00010094 0xc011cff8 
    kern/trap/trap.c:266: trap+20
ebp:0xc011cff8 eip:0xc0102d31 args:0xc0107a1c 0xc0107a24 0xc0100d72 0xc0107a43 
    kern/trap/trapentry.S:24: <unknown>+0
Welcome to the kernel debug monitor!!
Type 'help' for a list of commands.
K> 